<?xml version="1.0" encoding="UTF-8"?>
<!-- Generated by org.testng.reporters.JUnitReportReporter -->
<testsuite skipped="0" hostname="DESKTOP-09QGL8M" name="com.steerlean.scenarios.pet.PetDELETE" tests="6" failures="0" timestamp="13 Dec 2020 08:24:16 GMT" time="8.186" errors="0">
  <testcase name="TC_02" time="1.263" classname="com.steerlean.scenarios.pet.PetDELETE"/>
  <testcase name="TC_04" time="1.314" classname="com.steerlean.scenarios.pet.PetDELETE"/>
  <testcase name="TC_05" time="1.309" classname="com.steerlean.scenarios.pet.PetDELETE"/>
  <testcase name="TC_03" time="1.285" classname="com.steerlean.scenarios.pet.PetDELETE"/>
  <testcase name="TC_06" time="1.275" classname="com.steerlean.scenarios.pet.PetDELETE"/>
  <testcase name="TC_01" time="1.740" classname="com.steerlean.scenarios.pet.PetDELETE"/>
</testsuite> <!-- com.steerlean.scenarios.pet.PetDELETE -->
