<?xml version="1.0" encoding="UTF-8"?>
<!-- Generated by org.testng.reporters.JUnitReportReporter -->
<testsuite skipped="0" hostname="DESKTOP-09QGL8M" name="com.steerlean.scenarios.store.StorePost" tests="17" failures="0" timestamp="11 Dec 2020 13:21:08 GMT" time="117.877" errors="0">
  <testcase name="TC_17" time="5.679" classname="com.steerlean.scenarios.store.StorePost"/>
  <testcase name="TC_05" time="4.378" classname="com.steerlean.scenarios.store.StorePost"/>
  <testcase name="TC_14" time="7.821" classname="com.steerlean.scenarios.store.StorePost"/>
  <testcase name="TC_10" time="5.232" classname="com.steerlean.scenarios.store.StorePost"/>
  <testcase name="TC_01" time="11.287" classname="com.steerlean.scenarios.store.StorePost"/>
  <testcase name="TC_08" time="5.972" classname="com.steerlean.scenarios.store.StorePost"/>
  <testcase name="TC_07" time="6.000" classname="com.steerlean.scenarios.store.StorePost"/>
  <testcase name="TC_02" time="5.767" classname="com.steerlean.scenarios.store.StorePost"/>
  <testcase name="TC_15" time="3.448" classname="com.steerlean.scenarios.store.StorePost"/>
  <testcase name="TC_12" time="11.056" classname="com.steerlean.scenarios.store.StorePost"/>
  <testcase name="TC_16" time="4.310" classname="com.steerlean.scenarios.store.StorePost"/>
  <testcase name="TC_04" time="14.173" classname="com.steerlean.scenarios.store.StorePost"/>
  <testcase name="TC_11" time="7.196" classname="com.steerlean.scenarios.store.StorePost"/>
  <testcase name="TC_09" time="9.050" classname="com.steerlean.scenarios.store.StorePost"/>
  <testcase name="TC_13" time="8.189" classname="com.steerlean.scenarios.store.StorePost"/>
  <testcase name="TC_06" time="5.368" classname="com.steerlean.scenarios.store.StorePost"/>
  <testcase name="TC_03" time="2.951" classname="com.steerlean.scenarios.store.StorePost"/>
</testsuite> <!-- com.steerlean.scenarios.store.StorePost -->
