<?xml version="1.0" encoding="UTF-8"?>
<!-- Generated by org.testng.reporters.JUnitReportReporter -->
<testsuite skipped="0" hostname="DESKTOP-09QGL8M" name="com.steerlean.scenarios.PetGETbyStatus" tests="1" failures="0" timestamp="11 Dec 2020 10:10:59 GMT" time="7.113" errors="0">
  <testcase name="success" time="7.113" classname="com.steerlean.scenarios.PetGETbyStatus"/>
</testsuite> <!-- com.steerlean.scenarios.PetGETbyStatus -->
