<?xml version="1.0" encoding="UTF-8"?>
<!-- Generated by org.testng.reporters.JUnitReportReporter -->
<testsuite skipped="0" hostname="DESKTOP-09QGL8M" name="com.steerlean.scenarios.PetDELETE" tests="1" failures="0" timestamp="11 Dec 2020 10:14:22 GMT" time="4.154" errors="0">
  <testcase name="success" time="4.154" classname="com.steerlean.scenarios.PetDELETE"/>
</testsuite> <!-- com.steerlean.scenarios.PetDELETE -->
