<?xml version="1.0" encoding="UTF-8"?>
<!-- Generated by org.testng.reporters.JUnitReportReporter -->
<testsuite skipped="0" hostname="DESKTOP-09QGL8M" name="com.steerlean.scenarios.PetPUT" tests="1" failures="0" timestamp="11 Dec 2020 10:04:58 GMT" time="3.476" errors="0">
  <testcase name="success" time="3.476" classname="com.steerlean.scenarios.PetPUT"/>
</testsuite> <!-- com.steerlean.scenarios.PetPUT -->
