<?xml version="1.0" encoding="UTF-8"?>
<!-- Generated by org.testng.reporters.JUnitReportReporter -->
<testsuite skipped="0" hostname="DESKTOP-09QGL8M" name="com.steerlean.scenarios.PetPOST" tests="1" failures="0" timestamp="11 Dec 2020 09:54:54 GMT" time="4.202" errors="0">
  <testcase name="success" time="4.202" classname="com.steerlean.scenarios.PetPOST"/>
</testsuite> <!-- com.steerlean.scenarios.PetPOST -->
